--------------------------------------------------------------------------------
Release 14.7 Trace  (nt64)
Copyright (c) 1995-2013 Xilinx, Inc.  All rights reserved.

C:\XilinxISE\14.7\ISE_DS\ISE\bin\nt64\unwrapped\trce.exe -intstyle ise -v 3 -s
5 -n 3 -fastpaths -xml schema.twx schema.ncd -o schema.twr schema.pcf -ucf
Basys2.ucf

Design file:              schema.ncd
Physical constraint file: schema.pcf
Device,package,speed:     xc3s100e,cp132,-5 (PRODUCTION 1.27 2013-10-13)
Report level:             verbose report

Environment Variable      Effect 
--------------------      ------ 
NONE                      No environment variables were set
--------------------------------------------------------------------------------

INFO:Timing:2698 - No timing constraints found, doing default enumeration.
INFO:Timing:3412 - To improve timing, see the Timing Closure User Guide (UG612).
INFO:Timing:2752 - To get complete path coverage, use the unconstrained paths 
   option. All paths that are not constrained will be reported in the 
   unconstrained paths section(s) of the report.
INFO:Timing:3339 - The clock-to-out numbers in this timing report are based on 
   a 50 Ohm transmission line loading model.  For the details of this model, 
   and for more information on accounting for different loading conditions, 
   please see the device datasheet.
INFO:Timing:3390 - This architecture does not support a default System Jitter 
   value, please add SYSTEM_JITTER constraint to the UCF to modify the Clock 
   Uncertainty calculation.
INFO:Timing:3389 - This architecture does not support 'Discrete Jitter' and 
   'Phase Error' calculations, these terms will be zero in the Clock 
   Uncertainty calculation.  Please make appropriate modification to 
   SYSTEM_JITTER to account for the unsupported Discrete Jitter and Phase 
   Error.



Data Sheet report:
-----------------
All values displayed in nanoseconds (ns)

Pad to Pad
---------------+---------------+---------+
Source Pad     |Destination Pad|  Delay  |
---------------+---------------+---------+
SW<0>          |LD<6>          |    6.461|
SW<0>          |LD<7>          |    7.141|
SW<1>          |LD<0>          |    6.081|
SW<1>          |LD<1>          |    6.577|
SW<1>          |LD<2>          |    6.423|
SW<1>          |LD<3>          |    6.661|
SW<1>          |LD<4>          |    6.624|
SW<1>          |LD<5>          |    5.817|
SW<1>          |LD<6>          |    6.257|
SW<1>          |LD<7>          |    6.910|
SW<2>          |LD<0>          |    6.255|
SW<2>          |LD<1>          |    6.801|
SW<2>          |LD<2>          |    7.125|
SW<2>          |LD<3>          |    6.740|
SW<2>          |LD<4>          |    6.737|
SW<2>          |LD<5>          |    6.553|
SW<2>          |LD<6>          |    6.788|
SW<2>          |LD<7>          |    7.491|
---------------+---------------+---------+


Analysis completed Sat Mar 31 15:46:52 2018 
--------------------------------------------------------------------------------

Trace Settings:
-------------------------
Trace Settings 

Peak Memory Usage: 157 MB



