Command line:
   schema_schema_sch_tb_isim_beh.exe
     -simmode  gui
     -simrunnum  0
     -socket  59180

Sat Mar 31 15:42:32 2018


 Elaboration Time: 0.03125 sec

 Current Memory Usage: 845.226 Meg

 Total Signals          : 38
 Total Nets             : 24
 Total Signal Drivers   : 14
 Total Blocks           : 10
 Total Primitive Blocks : 8
 Total Processes        : 17
 Total Traceable Variables  : 20
 Total Scalar Nets and Variables : 108
Total Line Count : 36

 Total Simulation Time: 0.0625 sec

 Current Memory Usage: 845.226 Meg

Sat Mar 31 15:42:55 2018

