Command line:
   counter163_counter163_sch_tb_isim_beh.exe
     -simmode  gui
     -simrunnum  0
     -socket  61618

Tue May 29 19:49:32 2018


 Elaboration Time: 0.03125 sec

 Current Memory Usage: 845.779 Meg

 Total Signals          : 79
 Total Nets             : 36
 Total Signal Drivers   : 32
 Total Blocks           : 15
 Total Primitive Blocks : 13
 Total Processes        : 50
 Total Traceable Variables  : 30
 Total Scalar Nets and Variables : 159
Total Line Count : 74

 Total Simulation Time: 0.0625 sec

 Current Memory Usage: 688.493 Meg

Tue May 29 19:51:28 2018

